Unity Editor version:    2020.3.30f1 (1fb1bf06830e)
Branch:                  2020.3/staging
Build type:              Release
Batch mode:              YES
macOS version:           Version 11.0.1 (Build 20B29)
Darwin version:          20.1.0
Architecture:            x86_64
Running under Rosetta:   YES
Available memory:        8192 MB
Using pre-set license
Pro License: NO

COMMAND LINE ARGUMENTS:
/Applications/Unity/Hub/Editor/2020.3.30f1/Unity.app/Contents/MacOS/Unity
-adb2
-batchMode
-noUpm
-name
AssetImportWorker0
-projectPath
/Users/jordancarlton/Documents/2022 Spring Semester/Coding II/CSC250-Unity-Example/My project (1)
-logFile
Logs/AssetImportWorker0.log
-srvPort
61434
Successfully changed project path to: /Users/jordancarlton/Documents/2022 Spring Semester/Coding II/CSC250-Unity-Example/My project (1)
/Users/jordancarlton/Documents/2022 Spring Semester/Coding II/CSC250-Unity-Example/My project (1)
Using Asset Import Pipeline V2.
Refreshing native plugins compatible for Editor in 41.01 ms, found 2 plugins.
Preloading 0 native plugins for Editor in 0.00 ms.
Initialize engine version: 2020.3.30f1 (1fb1bf06830e)
[Subsystems] Discovering subsystems at path /Applications/Unity/Hub/Editor/2020.3.30f1/Unity.app/Contents/Resources/UnitySubsystems
[Subsystems] Discovering subsystems at path /Users/jordancarlton/Documents/2022 Spring Semester/Coding II/CSC250-Unity-Example/My project (1)/Assets
GfxDevice: creating device client; threaded=0
2022-03-30 13:27:28.134 Unity[39674:492800] (null) preferred device: Apple M1 (high power)
2022-03-30 13:27:28.134 Unity[39674:492800] Metal devices available: 1
2022-03-30 13:27:28.134 Unity[39674:492800] 0: Apple M1 (high power)
2022-03-30 13:27:28.134 Unity[39674:492800] Using device Apple M1 (high power)
Initializing Metal device caps: Apple M1
Initialize mono
Mono path[0] = '/Applications/Unity/Hub/Editor/2020.3.30f1/Unity.app/Contents/Managed'
Mono path[1] = '/Applications/Unity/Hub/Editor/2020.3.30f1/Unity.app/Contents/MonoBleedingEdge/lib/mono/unityjit'
Mono config path = '/Applications/Unity/Hub/Editor/2020.3.30f1/Unity.app/Contents/MonoBleedingEdge/etc'
Using monoOptions --debugger-agent=transport=dt_socket,embedding=1,server=y,suspend=n,address=127.0.0.1:56674
Begin MonoManager ReloadAssembly
Registering precompiled unity dll's ...
Register platform support module: /Applications/Unity/Hub/Editor/2020.3.30f1/PlaybackEngines/WebGLSupport/UnityEditor.WebGL.Extensions.dll
Register platform support module: /Applications/Unity/Hub/Editor/2020.3.30f1/Unity.app/Contents/PlaybackEngines/MacStandaloneSupport/UnityEditor.OSXStandalone.Extensions.dll
Registered in 0.002224 seconds.
Native extension for OSXStandalone target not found
Native extension for WebGL target not found
Refreshing native plugins compatible for Editor in 30.61 ms, found 2 plugins.
Preloading 0 native plugins for Editor in 0.00 ms.
Mono: successfully reloaded assembly
- Completed reload, in  1.456 seconds
Domain Reload Profiling:
	ReloadAssembly (1457ms)
		BeginReloadAssembly (112ms)
			ExecutionOrderSort (0ms)
			DisableScriptedObjects (0ms)
			BackupInstance (0ms)
			ReleaseScriptingObjects (0ms)
			CreateAndSetChildDomain (3ms)
		EndReloadAssembly (1166ms)
			LoadAssemblies (110ms)
			RebuildTransferFunctionScriptingTraits (1ms)
			SetupTypeCache (194ms)
			ReleaseScriptCaches (0ms)
			RebuildScriptCaches (47ms)
			SetupLoadedEditorAssemblies (587ms)
				LogAssemblyErrors (0ms)
				InitializePlatformSupportModulesInManaged (16ms)
				SetLoadedEditorAssemblies (1ms)
				RefreshPlugins (31ms)
				BeforeProcessingInitializeOnLoad (105ms)
				ProcessInitializeOnLoadAttributes (324ms)
				ProcessInitializeOnLoadMethodAttributes (110ms)
				AfterProcessingInitializeOnLoad (0ms)
				EditorAssembliesLoaded (1ms)
			ExecutionOrderSort2 (0ms)
			AwakeInstancesAfterBackupRestoration (0ms)
Platform modules already initialized, skipping
Registering precompiled user dll's ...
Registered in 0.002757 seconds.
Begin MonoManager ReloadAssembly
Native extension for OSXStandalone target not found
Native extension for WebGL target not found
Refreshing native plugins compatible for Editor in 0.29 ms, found 2 plugins.
Preloading 0 native plugins for Editor in 0.00 ms.
Mono: successfully reloaded assembly
- Completed reload, in  2.258 seconds
Domain Reload Profiling:
	ReloadAssembly (2260ms)
		BeginReloadAssembly (268ms)
			ExecutionOrderSort (0ms)
			DisableScriptedObjects (32ms)
			BackupInstance (0ms)
			ReleaseScriptingObjects (0ms)
			CreateAndSetChildDomain (42ms)
		EndReloadAssembly (1895ms)
			LoadAssemblies (190ms)
			RebuildTransferFunctionScriptingTraits (0ms)
			SetupTypeCache (325ms)
			ReleaseScriptCaches (0ms)
			RebuildScriptCaches (52ms)
			SetupLoadedEditorAssemblies (1054ms)
				LogAssemblyErrors (0ms)
				InitializePlatformSupportModulesInManaged (21ms)
				SetLoadedEditorAssemblies (2ms)
				RefreshPlugins (0ms)
				BeforeProcessingInitializeOnLoad (212ms)
				ProcessInitializeOnLoadAttributes (786ms)
				ProcessInitializeOnLoadMethodAttributes (30ms)
				AfterProcessingInitializeOnLoad (1ms)
				EditorAssembliesLoaded (0ms)
			ExecutionOrderSort2 (0ms)
			AwakeInstancesAfterBackupRestoration (36ms)
Platform modules already initialized, skipping
Validating Project structure ... 0.000119 seconds.
Shader import version has changed; will reimport all shaders...
Upgrading shader files ...0.000161 seconds.
Application.AssetDatabase Initial Script Refresh Start
RefreshInfo: InitialScriptRefreshV2(NoUpdateAssetOptions) scanfilter:  ... 1 filters
RefreshProfiler: Total: 0.000ms
Application.AssetDatabase Initial Script Refresh End
Application.AssetDatabase.Refresh Start
Application.AssetDatabase.Refresh End
RefreshInfo: StopAssetImportingV2(ForceSynchronousImport) scanfilter: 
RefreshProfiler: Total: 0.000ms
Launching external process: /Applications/Unity/Hub/Editor/2020.3.30f1/Unity.app/Contents/Tools/UnityShaderCompiler
Launched and connected shader compiler UnityShaderCompiler after 0.04 seconds
Initializing Unity extensions:
========================================================================
Worker process is ready to serve import requests
Refreshing native plugins compatible for Editor in 0.18 ms, found 2 plugins.
Preloading 0 native plugins for Editor in 0.00 ms.
Unloading 1504 Unused Serialized files (Serialized files now loaded: 0)
System memory in use before: 176.5 MB.
System memory in use after: 175.6 MB.

Unloading 78 unused Assets to reduce memory usage. Loaded Objects now: 1978.
Total: 3.246416 ms (FindLiveObjects: 0.080666 ms CreateObjectMapping: 0.030709 ms MarkObjects: 2.718875 ms  DeleteObjects: 0.415375 ms)

AssetImportParameters requested are different than current active one (requested -> active):
  custom:video-decoder-ogg-theora: a1e56fd34408186e4bbccfd4996cb3dc -> 
  custom:container-muxer-webm: aa71ff27fc2769a1b78a27578f13a17b -> 
  custom:container-demuxer-webm: 4f35f7cbe854078d1ac9338744f61a02 -> 
  custom:container-demuxer-ogg: 62fdf1f143b41e24485cea50d1cbac27 -> 
  custom:video-encoder-webm-vp8: eb34c28f22e8b96e1ab97ce403110664 -> 
  custom:framework-osx-AVFoundation: e770b220cccbd017edd2c1fefb359320 -> 
  custom:video-decoder-webm-vp8: 9c59270c3fd7afecdb556c50c9e8de78 -> 
  custom:audio-decoder-ogg-vorbis: bf7c407c2cedff20999df2af8eb42d56 -> 
  custom:audio-encoder-webm-vorbis: bf7c407c2cedff20999df2af8eb42d56 -> 
========================================================================
Received Import Request.
  path: Assets/New Material.mat
  artifactKey: Guid(4ef9db975e6854e7683b275ff114e610) Importer(815301076,1909f56bfc062723c751e8b465ee728b)
Start importing Assets/New Material.mat using Guid(4ef9db975e6854e7683b275ff114e610) Importer(815301076,1909f56bfc062723c751e8b465ee728b)  -> (artifact id: 'e3495a6c8d6db0aad19df4aecf33068b') in 1.018116 seconds 
========================================================================
Received Import Request.
  Time since last request: 290.331489 seconds.
  path: Assets/New Material 1.mat
  artifactKey: Guid(bdf1115dd296541a59b3f2ba64816173) Importer(815301076,1909f56bfc062723c751e8b465ee728b)
Start importing Assets/New Material 1.mat using Guid(bdf1115dd296541a59b3f2ba64816173) Importer(815301076,1909f56bfc062723c751e8b465ee728b)  -> (artifact id: 'caa1f6cb6f343a19f8e9caa0cb21aba9') in 0.020518 seconds 
========================================================================
Received Import Request.
  Time since last request: 1112.980909 seconds.
  path: Assets/green.mat
  artifactKey: Guid(5ca970c5830944fe5b5acf03341092a5) Importer(815301076,1909f56bfc062723c751e8b465ee728b)
Start importing Assets/green.mat using Guid(5ca970c5830944fe5b5acf03341092a5) Importer(815301076,1909f56bfc062723c751e8b465ee728b)  -> (artifact id: 'e887314b4f9d344fdc19ea56e2ea305c') in 0.012456 seconds 
========================================================================
Received Import Request.
  Time since last request: 33.794394 seconds.
  path: Assets/White.mat
  artifactKey: Guid(bdf1115dd296541a59b3f2ba64816173) Importer(815301076,1909f56bfc062723c751e8b465ee728b)
Start importing Assets/White.mat using Guid(bdf1115dd296541a59b3f2ba64816173) Importer(815301076,1909f56bfc062723c751e8b465ee728b)  -> (artifact id: 'b829742d5872aa953a3dc6ac44d204e3') in 0.009466 seconds 
========================================================================
Received Import Request.
  Time since last request: 9.675663 seconds.
  path: Assets/Blue.mat
  artifactKey: Guid(4ef9db975e6854e7683b275ff114e610) Importer(815301076,1909f56bfc062723c751e8b465ee728b)
Start importing Assets/Blue.mat using Guid(4ef9db975e6854e7683b275ff114e610) Importer(815301076,1909f56bfc062723c751e8b465ee728b)  -> (artifact id: '039d31a8d33ada95d98809840b995cac') in 0.010366 seconds 
========================================================================
Received Import Request.
  Time since last request: 681.754738 seconds.
  path: Assets/Red.mat
  artifactKey: Guid(1f2d9de782b4a42e791714c337e93de0) Importer(815301076,1909f56bfc062723c751e8b465ee728b)
Start importing Assets/Red.mat using Guid(1f2d9de782b4a42e791714c337e93de0) Importer(815301076,1909f56bfc062723c751e8b465ee728b)  -> (artifact id: '6814c9548a5c6652f2fbd8165fea5687') in 0.020513 seconds 
AssetImportWorkerClient::OnTransportError - code=2 error=End of file
